2024-11-04 10:54:56,566 - INFO - Starting cave scraper with IDs range: 380-11500
2024-11-04 10:54:56,566 - INFO - Starting main processing loop
2024-11-04 10:54:56,566 - INFO - Processing cave ID: 380
2024-11-04 10:54:56,757 - WARNING - Failed to fetch HTML from https://jaskiniepolski.pgi.gov.pl/Details/Information/380. Status: 500
2024-11-04 10:54:56,759 - WARNING - Cave ID 380 does not exist - removed directory
2024-11-04 10:54:58,152 - INFO - Processing cave ID: 381
2024-11-04 10:54:58,339 - WARNING - Failed to fetch HTML from https://jaskiniepolski.pgi.gov.pl/Details/Information/381. Status: 500
2024-11-04 10:54:58,340 - WARNING - Cave ID 381 does not exist - removed directory
2024-11-04 10:55:01,113 - INFO - Processing cave ID: 382
2024-11-04 10:55:01,300 - WARNING - Failed to fetch HTML from https://jaskiniepolski.pgi.gov.pl/Details/Information/382. Status: 500
2024-11-04 10:55:01,301 - WARNING - Cave ID 382 does not exist - removed directory
2024-11-04 10:55:03,261 - INFO - Processing cave ID: 383
2024-11-04 10:55:03,403 - WARNING - Failed to fetch HTML from https://jaskiniepolski.pgi.gov.pl/Details/Information/383. Status: 500
2024-11-04 10:55:03,404 - WARNING - Cave ID 383 does not exist - removed directory
2024-11-04 10:55:06,197 - INFO - Processing cave ID: 384
2024-11-04 10:55:06,374 - WARNING - Failed to fetch HTML from https://jaskiniepolski.pgi.gov.pl/Details/Information/384. Status: 500
2024-11-04 10:55:06,375 - WARNING - Cave ID 384 does not exist - removed directory
2024-11-04 10:55:08,445 - INFO - Processing cave ID: 385
2024-11-04 10:55:08,590 - WARNING - Failed to fetch HTML from https://jaskiniepolski.pgi.gov.pl/Details/Information/385. Status: 500
2024-11-04 10:55:08,591 - WARNING - Cave ID 385 does not exist - removed directory
2024-11-04 10:55:09,649 - INFO - Processing cave ID: 386
2024-11-04 10:55:09,783 - WARNING - Failed to fetch HTML from https://jaskiniepolski.pgi.gov.pl/Details/Information/386. Status: 500
2024-11-04 10:55:09,784 - WARNING - Cave ID 386 does not exist - removed directory
2024-11-04 10:55:10,874 - INFO - Processing cave ID: 387
2024-11-04 10:55:11,044 - WARNING - Failed to fetch HTML from https://jaskiniepolski.pgi.gov.pl/Details/Information/387. Status: 500
2024-11-04 10:55:11,045 - WARNING - Cave ID 387 does not exist - removed directory
2024-11-04 10:55:13,412 - INFO - Processing cave ID: 388
2024-11-04 10:55:13,611 - WARNING - Failed to fetch HTML from https://jaskiniepolski.pgi.gov.pl/Details/Information/388. Status: 500
2024-11-04 10:55:13,612 - WARNING - Cave ID 388 does not exist - removed directory
2024-11-04 10:55:15,003 - INFO - Processing cave ID: 389
2024-11-04 10:55:15,182 - WARNING - Failed to fetch HTML from https://jaskiniepolski.pgi.gov.pl/Details/Information/389. Status: 500
2024-11-04 10:55:15,182 - WARNING - Cave ID 389 does not exist - removed directory
2024-11-04 10:55:17,903 - INFO - Processing cave ID: 390
2024-11-04 10:55:18,138 - INFO - Successfully fetched HTML from https://jaskiniepolski.pgi.gov.pl/Details/Information/390
2024-11-04 10:55:18,141 - INFO - Successfully processed cave ID 390
2024-11-04 10:55:18,143 - INFO - Processing image ID: 15011
2024-11-04 10:55:19,072 - INFO - Saved metadata for image 15011
2024-11-04 10:55:21,064 - INFO - Saved image 15011 with zoom level 10
2024-11-04 10:55:22,288 - INFO - Processing image ID: 19
2024-11-04 10:55:22,511 - INFO - Saved metadata for image 19
2024-11-04 10:55:22,823 - INFO - Saved image 19 with zoom level 10
2024-11-04 10:55:24,454 - INFO - Processing image ID: 15012
2024-11-04 10:55:25,390 - INFO - Saved metadata for image 15012
2024-11-04 10:55:27,132 - INFO - Saved image 15012 with zoom level 10
2024-11-04 10:55:30,722 - INFO - Processing cave ID: 391
2024-11-04 10:55:30,908 - INFO - Successfully fetched HTML from https://jaskiniepolski.pgi.gov.pl/Details/Information/391
2024-11-04 10:55:30,910 - INFO - Successfully processed cave ID 391
2024-11-04 10:55:30,911 - INFO - Processing image ID: 15010
2024-11-04 10:55:31,657 - INFO - Saved metadata for image 15010
2024-11-04 10:55:33,051 - INFO - Saved image 15010 with zoom level 10
2024-11-04 10:55:33,808 - INFO - Processing image ID: 20
2024-11-04 10:55:33,952 - INFO - Saved metadata for image 20
2024-11-04 10:55:34,099 - INFO - Saved image 20 with zoom level 10
2024-11-04 10:55:37,005 - INFO - Processing cave ID: 392
2024-11-04 10:55:37,242 - INFO - Successfully fetched HTML from https://jaskiniepolski.pgi.gov.pl/Details/Information/392
2024-11-04 10:55:37,244 - INFO - Successfully processed cave ID 392
2024-11-04 10:55:37,245 - INFO - Processing image ID: 37
2024-11-04 10:55:37,428 - INFO - Saved metadata for image 37
2024-11-04 10:55:37,605 - INFO - Saved image 37 with zoom level 10
2024-11-04 10:55:40,009 - INFO - Processing cave ID: 393
2024-11-04 10:55:40,287 - INFO - Successfully fetched HTML from https://jaskiniepolski.pgi.gov.pl/Details/Information/393
2024-11-04 10:55:40,289 - INFO - Successfully processed cave ID 393
2024-11-04 10:55:40,290 - INFO - Processing image ID: 38
2024-11-04 10:55:40,496 - INFO - Saved metadata for image 38
2024-11-04 10:55:40,691 - INFO - Saved image 38 with zoom level 10
2024-11-04 10:55:43,609 - INFO - Processing cave ID: 394
2024-11-04 10:55:43,804 - INFO - Successfully fetched HTML from https://jaskiniepolski.pgi.gov.pl/Details/Information/394
2024-11-04 10:55:43,807 - INFO - Successfully processed cave ID 394
2024-11-04 10:55:43,807 - INFO - Processing image ID: 39
2024-11-04 10:55:43,933 - INFO - Saved metadata for image 39
2024-11-04 10:55:44,082 - INFO - Saved image 39 with zoom level 10
2024-11-04 10:55:46,486 - INFO - Processing cave ID: 395
2024-11-04 10:55:46,673 - INFO - Successfully fetched HTML from https://jaskiniepolski.pgi.gov.pl/Details/Information/395
2024-11-04 10:55:46,675 - INFO - Successfully processed cave ID 395
2024-11-04 10:55:46,676 - INFO - Processing image ID: 40
2024-11-04 10:55:46,806 - INFO - Saved metadata for image 40
2024-11-04 10:55:46,968 - INFO - Saved image 40 with zoom level 10
2024-11-04 10:55:50,192 - INFO - Processing cave ID: 396
2024-11-04 10:55:50,386 - INFO - Successfully fetched HTML from https://jaskiniepolski.pgi.gov.pl/Details/Information/396
2024-11-04 10:55:50,389 - INFO - Successfully processed cave ID 396
2024-11-04 10:55:50,389 - INFO - Processing image ID: 41
2024-11-04 10:55:50,507 - INFO - Saved metadata for image 41
2024-11-04 10:55:50,677 - INFO - Saved image 41 with zoom level 10
2024-11-04 10:55:54,175 - INFO - Processing cave ID: 397
2024-11-04 10:55:54,409 - INFO - Successfully fetched HTML from https://jaskiniepolski.pgi.gov.pl/Details/Information/397
2024-11-04 10:55:54,412 - INFO - Successfully processed cave ID 397
2024-11-04 10:55:54,413 - INFO - Processing image ID: 42
2024-11-04 10:55:54,559 - INFO - Saved metadata for image 42
2024-11-04 10:55:54,710 - INFO - Saved image 42 with zoom level 10
2024-11-04 10:55:58,669 - INFO - Processing cave ID: 398
2024-11-04 10:55:59,045 - INFO - Successfully fetched HTML from https://jaskiniepolski.pgi.gov.pl/Details/Information/398
2024-11-04 10:55:59,048 - INFO - Successfully processed cave ID 398
2024-11-04 10:55:59,049 - INFO - Processing image ID: 43
2024-11-04 10:55:59,198 - INFO - Saved metadata for image 43
2024-11-04 10:55:59,406 - INFO - Saved image 43 with zoom level 10
2024-11-04 10:56:02,131 - INFO - Processing cave ID: 399
2024-11-04 10:56:02,326 - INFO - Successfully fetched HTML from https://jaskiniepolski.pgi.gov.pl/Details/Information/399
2024-11-04 10:56:02,329 - INFO - Successfully processed cave ID 399
2024-11-04 10:56:02,330 - INFO - Processing image ID: 44
2024-11-04 10:56:02,514 - INFO - Saved metadata for image 44
2024-11-04 10:56:02,721 - INFO - Saved image 44 with zoom level 10
2024-11-04 10:56:06,121 - INFO - Processing cave ID: 400
2024-11-04 10:56:06,300 - WARNING - Failed to fetch HTML from https://jaskiniepolski.pgi.gov.pl/Details/Information/400. Status: 500
2024-11-04 10:56:06,301 - WARNING - Cave ID 400 does not exist - removed directory
2024-11-04 10:56:09,254 - INFO - Processing cave ID: 401
2024-11-04 10:56:09,478 - INFO - Successfully fetched HTML from https://jaskiniepolski.pgi.gov.pl/Details/Information/401
2024-11-04 10:56:09,480 - INFO - Successfully processed cave ID 401
2024-11-04 10:56:09,481 - INFO - Processing image ID: 46
2024-11-04 10:56:09,646 - INFO - Saved metadata for image 46
2024-11-04 10:56:09,841 - INFO - Saved image 46 with zoom level 10
2024-11-04 10:56:11,909 - INFO - Processing cave ID: 402
2024-11-04 10:56:12,100 - INFO - Successfully fetched HTML from https://jaskiniepolski.pgi.gov.pl/Details/Information/402
2024-11-04 10:56:12,102 - INFO - Successfully processed cave ID 402
2024-11-04 10:56:12,103 - INFO - Processing image ID: 47
2024-11-04 10:56:12,226 - INFO - Saved metadata for image 47
2024-11-04 10:56:12,383 - INFO - Saved image 47 with zoom level 10
2024-11-04 10:56:15,521 - INFO - Processing cave ID: 403
2024-11-04 10:56:15,701 - INFO - Successfully fetched HTML from https://jaskiniepolski.pgi.gov.pl/Details/Information/403
2024-11-04 10:56:15,704 - INFO - Successfully processed cave ID 403
2024-11-04 10:56:15,705 - INFO - Processing image ID: 48
2024-11-04 10:56:15,836 - INFO - Saved metadata for image 48
2024-11-04 10:56:15,974 - INFO - Saved image 48 with zoom level 10
2024-11-04 10:56:19,448 - INFO - Processing cave ID: 404
2024-11-04 10:56:19,639 - INFO - Successfully fetched HTML from https://jaskiniepolski.pgi.gov.pl/Details/Information/404
2024-11-04 10:56:19,640 - INFO - Successfully processed cave ID 404
2024-11-04 10:56:19,641 - INFO - Processing image ID: 49
2024-11-04 10:56:19,764 - INFO - Saved metadata for image 49
2024-11-04 10:56:19,900 - INFO - Saved image 49 with zoom level 10
2024-11-04 10:56:23,755 - INFO - Processing cave ID: 405
2024-11-04 10:56:23,905 - WARNING - Failed to fetch HTML from https://jaskiniepolski.pgi.gov.pl/Details/Information/405. Status: 500
2024-11-04 10:56:23,906 - WARNING - Cave ID 405 does not exist - removed directory
2024-11-04 10:56:25,863 - INFO - Processing cave ID: 406
2024-11-04 10:56:26,066 - INFO - Successfully fetched HTML from https://jaskiniepolski.pgi.gov.pl/Details/Information/406
2024-11-04 10:56:26,070 - INFO - Successfully processed cave ID 406
2024-11-04 10:56:26,073 - INFO - Processing image ID: 36
2024-11-04 10:56:26,211 - INFO - Saved metadata for image 36
2024-11-04 10:56:26,432 - INFO - Saved image 36 with zoom level 10
2024-11-04 10:56:30,139 - INFO - Processing cave ID: 407
2024-11-04 10:56:30,319 - INFO - Successfully fetched HTML from https://jaskiniepolski.pgi.gov.pl/Details/Information/407
2024-11-04 10:56:30,320 - INFO - Successfully processed cave ID 407
2024-11-04 10:56:30,320 - INFO - Processing image ID: 2
2024-11-04 10:56:30,454 - INFO - Saved metadata for image 2
2024-11-04 10:56:30,603 - INFO - Saved image 2 with zoom level 10
2024-11-04 10:56:33,447 - INFO - Processing cave ID: 408
2024-11-04 10:56:33,709 - INFO - Successfully fetched HTML from https://jaskiniepolski.pgi.gov.pl/Details/Information/408
2024-11-04 10:56:33,712 - INFO - Successfully processed cave ID 408
2024-11-04 10:56:33,712 - INFO - Processing image ID: 8
2024-11-04 10:56:33,858 - INFO - Saved metadata for image 8
2024-11-04 10:56:34,013 - INFO - Saved image 8 with zoom level 10
2024-11-04 10:56:35,980 - INFO - Processing cave ID: 409
2024-11-04 10:56:36,192 - INFO - Successfully fetched HTML from https://jaskiniepolski.pgi.gov.pl/Details/Information/409
2024-11-04 10:56:36,195 - INFO - Successfully processed cave ID 409
2024-11-04 10:56:36,196 - INFO - Processing image ID: 7
2024-11-04 10:56:36,382 - INFO - Saved metadata for image 7
2024-11-04 10:56:36,621 - INFO - Saved image 7 with zoom level 10
2024-11-04 10:56:39,996 - INFO - Processing cave ID: 410
2024-11-04 10:56:40,237 - INFO - Successfully fetched HTML from https://jaskiniepolski.pgi.gov.pl/Details/Information/410
2024-11-04 10:56:40,240 - INFO - Successfully processed cave ID 410
2024-11-04 10:56:40,241 - INFO - Processing image ID: 14239
2024-11-04 10:56:41,363 - INFO - Saved metadata for image 14239
2024-11-04 10:56:44,170 - INFO - Saved image 14239 with zoom level 10
2024-11-04 10:56:46,054 - INFO - Processing image ID: 14243
2024-11-04 10:56:47,274 - INFO - Saved metadata for image 14243
2024-11-04 10:56:49,585 - INFO - Saved image 14243 with zoom level 10
2024-11-04 10:56:50,088 - INFO - Processing image ID: 14238
2024-11-04 10:56:50,543 - INFO - Saved metadata for image 14238
2024-11-04 10:56:51,312 - INFO - Saved image 14238 with zoom level 10
2024-11-04 10:56:54,309 - INFO - Processing cave ID: 411
2024-11-04 10:56:54,591 - INFO - Successfully fetched HTML from https://jaskiniepolski.pgi.gov.pl/Details/Information/411
2024-11-04 10:56:54,593 - INFO - Successfully processed cave ID 411
2024-11-04 10:56:54,593 - INFO - Processing image ID: 14173
2024-11-04 10:56:55,573 - INFO - Saved metadata for image 14173
2024-11-04 10:56:57,497 - INFO - Saved image 14173 with zoom level 10
2024-11-04 10:56:58,813 - INFO - Processing image ID: 21
2024-11-04 10:56:58,992 - INFO - Saved metadata for image 21
2024-11-04 10:56:59,201 - INFO - Saved image 21 with zoom level 10
2024-11-04 10:57:01,660 - INFO - Processing cave ID: 412
2024-11-04 10:57:01,862 - INFO - Successfully fetched HTML from https://jaskiniepolski.pgi.gov.pl/Details/Information/412
2024-11-04 10:57:01,865 - INFO - Successfully processed cave ID 412
2024-11-04 10:57:01,866 - INFO - Processing image ID: 14174
2024-11-04 10:57:02,865 - INFO - Saved metadata for image 14174
2024-11-04 10:57:05,083 - INFO - Saved image 14174 with zoom level 10
2024-11-04 10:57:06,640 - INFO - Processing image ID: 22
2024-11-04 10:57:06,898 - INFO - Saved metadata for image 22
2024-11-04 10:57:07,136 - INFO - Saved image 22 with zoom level 10
2024-11-04 10:57:11,787 - INFO - Processing cave ID: 413
2024-11-04 10:57:11,998 - INFO - Successfully fetched HTML from https://jaskiniepolski.pgi.gov.pl/Details/Information/413
2024-11-04 10:57:12,001 - INFO - Successfully processed cave ID 413
2024-11-04 10:57:12,002 - INFO - Processing image ID: 23
2024-11-04 10:57:12,121 - INFO - Saved metadata for image 23
2024-11-04 10:57:12,319 - INFO - Saved image 23 with zoom level 10
2024-11-04 10:57:16,689 - INFO - Processing cave ID: 414
2024-11-04 10:57:16,950 - INFO - Successfully fetched HTML from https://jaskiniepolski.pgi.gov.pl/Details/Information/414
2024-11-04 10:57:16,954 - INFO - Successfully processed cave ID 414
2024-11-04 10:57:16,954 - INFO - Processing image ID: 24
2024-11-04 10:57:17,090 - INFO - Saved metadata for image 24
2024-11-04 10:57:17,250 - INFO - Saved image 24 with zoom level 10
2024-11-04 10:57:19,938 - INFO - Processing cave ID: 415
2024-11-04 10:57:20,145 - INFO - Successfully fetched HTML from https://jaskiniepolski.pgi.gov.pl/Details/Information/415
2024-11-04 10:57:20,147 - INFO - Successfully processed cave ID 415
2024-11-04 10:57:20,147 - INFO - Processing image ID: 14179
2024-11-04 10:57:20,776 - INFO - Saved metadata for image 14179
2024-11-04 10:57:21,999 - INFO - Saved image 14179 with zoom level 10
2024-11-04 10:57:23,385 - INFO - Processing image ID: 14178
2024-11-04 10:57:23,598 - INFO - Saved metadata for image 14178
2024-11-04 10:57:23,936 - INFO - Saved image 14178 with zoom level 10
2024-11-04 10:57:24,329 - INFO - Script terminated by user
